
executing batch collection
CHAOS_MACHINE_CURRENT_DISBURSEMENT_BATCH_ITEM_COUNT=5
CHAOS_MACHINE_CURRENT_DISBURSEMENT_BATCH_ITEM_FEE_AMOUNT=10
CHAOS_MACHINE_CURRENT_DISBURSEMENT_BATCH_CORRELATION_ID=
CHAOS_MACHINE_ORGANIZATION_VIRTUAL_ACCOUNT_ID=c199954d-ed87-4531-9bad-dc4665b99e4f
CHAOS_MACHINE_SYSTEM_SETTLEMENT_ACCOUNT_ID=7e4abb1e-89b2-4613-af38-f7c4895ddfc7
CHAOS_MACHINE_CURRENT_DISBURSEMENT_BATCH_TOTAL_PRINCIPAL_AMOUNT=50000
CHAOS_MACHINE_CURRENT_TRANSACTION_ID=
CHAOS_MACHINE_CURRENT_CORRELATION_ID=
CHAOS_MACHINE_ORGANIZATION_ID=d51f5776-c16f-45fb-9647-33647da3eca1
CHAOS_MACHINE_ORGANIZATION_NAME=Chaos Inc Virtual Account
CHAOS_MACHINE_CURRENT_DISBURSEMENT_BATCH_ITEM_AMOUNT=10000
CHAOS_MACHINE_CURRENT_DISBURSEMENT_BATCH_TOTAL_FEE_AMOUNT=null
CHAOS_MACHINE_FEE_REVENUE_ACCOUNT_ID=2819ab08-39bb-42df-bc96-43e13abafb1e
CHAOS_MACHINE_SCRIPT_BIN=/Users/smsefayeboah/Documents/CodeLand/java/ss-ledger-service-beta/bin
CHAOS_MACHINE_CURRENT_RESERVATION_ID=
CHAOS_MACHINE_CURRENT_DISBURSEMENT_BATCH_ID=0738d2f2-cbd3-4a5f-801c-c32745fe0d1e
CHAOS_MACHINE_CURRENT_DISBURSEMENT_BATCH_TOTAL_AMOUNT=50050

executing script...
CHAOS_MACHINE_CURRENT_DISBURSEMENT_BATCH_ITEM_COUNT=5
CHAOS_MACHINE_CURRENT_DISBURSEMENT_BATCH_ITEM_FEE_AMOUNT=10
CHAOS_MACHINE_CURRENT_DISBURSEMENT_BATCH_CORRELATION_ID=
CHAOS_MACHINE_ORGANIZATION_VIRTUAL_ACCOUNT_ID=c199954d-ed87-4531-9bad-dc4665b99e4f
CHAOS_MACHINE_SYSTEM_SETTLEMENT_ACCOUNT_ID=7e4abb1e-89b2-4613-af38-f7c4895ddfc7
CHAOS_MACHINE_CURRENT_DISBURSEMENT_BATCH_TOTAL_PRINCIPAL_AMOUNT=50000
CHAOS_MACHINE_CURRENT_TRANSACTION_ID=
CHAOS_MACHINE_CURRENT_CORRELATION_ID=
CHAOS_MACHINE_ORGANIZATION_ID=d51f5776-c16f-45fb-9647-33647da3eca1
CHAOS_MACHINE_ORGANIZATION_NAME=Chaos Inc Virtual Account
CHAOS_MACHINE_CURRENT_DISBURSEMENT_BATCH_ITEM_AMOUNT=10000
CHAOS_MACHINE_CURRENT_DISBURSEMENT_BATCH_TOTAL_FEE_AMOUNT=null
CHAOS_MACHINE_FEE_REVENUE_ACCOUNT_ID=2819ab08-39bb-42df-bc96-43e13abafb1e
CHAOS_MACHINE_SCRIPT_BIN=/Users/smsefayeboah/Documents/CodeLand/java/ss-ledger-service-beta/bin
CHAOS_MACHINE_CURRENT_RESERVATION_ID=
CHAOS_MACHINE_CURRENT_DISBURSEMENT_BATCH_ID=0738d2f2-cbd3-4a5f-801c-c32745fe0d1e
CHAOS_MACHINE_CURRENT_DISBURSEMENT_BATCH_TOTAL_AMOUNT=50050

executing script...
CHAOS_MACHINE_CURRENT_DISBURSEMENT_BATCH_ITEM_COUNT=5
CHAOS_MACHINE_CURRENT_DISBURSEMENT_BATCH_ITEM_FEE_AMOUNT=10
CHAOS_MACHINE_CURRENT_DISBURSEMENT_BATCH_CORRELATION_ID=
CHAOS_MACHINE_ORGANIZATION_VIRTUAL_ACCOUNT_ID=c199954d-ed87-4531-9bad-dc4665b99e4f
CHAOS_MACHINE_SYSTEM_SETTLEMENT_ACCOUNT_ID=7e4abb1e-89b2-4613-af38-f7c4895ddfc7
CHAOS_MACHINE_CURRENT_DISBURSEMENT_BATCH_TOTAL_PRINCIPAL_AMOUNT=50000
CHAOS_MACHINE_CURRENT_TRANSACTION_ID=
CHAOS_MACHINE_CURRENT_CORRELATION_ID=
CHAOS_MACHINE_ORGANIZATION_ID=d51f5776-c16f-45fb-9647-33647da3eca1
CHAOS_MACHINE_ORGANIZATION_NAME=Chaos Inc Virtual Account
CHAOS_MACHINE_CURRENT_DISBURSEMENT_BATCH_ITEM_AMOUNT=10000
CHAOS_MACHINE_CURRENT_DISBURSEMENT_BATCH_TOTAL_FEE_AMOUNT=null
CHAOS_MACHINE_FEE_REVENUE_ACCOUNT_ID=2819ab08-39bb-42df-bc96-43e13abafb1e
CHAOS_MACHINE_SCRIPT_BIN=/Users/smsefayeboah/Documents/CodeLand/java/ss-ledger-service-beta/bin
CHAOS_MACHINE_CURRENT_RESERVATION_ID=
CHAOS_MACHINE_CURRENT_DISBURSEMENT_BATCH_ID=0738d2f2-cbd3-4a5f-801c-c32745fe0d1e
CHAOS_MACHINE_CURRENT_DISBURSEMENT_BATCH_TOTAL_AMOUNT=50050

executing script...
CHAOS_MACHINE_CURRENT_DISBURSEMENT_BATCH_ITEM_COUNT=5
CHAOS_MACHINE_CURRENT_DISBURSEMENT_BATCH_ITEM_FEE_AMOUNT=10
CHAOS_MACHINE_CURRENT_DISBURSEMENT_BATCH_CORRELATION_ID=
CHAOS_MACHINE_ORGANIZATION_VIRTUAL_ACCOUNT_ID=c199954d-ed87-4531-9bad-dc4665b99e4f
CHAOS_MACHINE_SYSTEM_SETTLEMENT_ACCOUNT_ID=7e4abb1e-89b2-4613-af38-f7c4895ddfc7
CHAOS_MACHINE_CURRENT_DISBURSEMENT_BATCH_TOTAL_PRINCIPAL_AMOUNT=50000
CHAOS_MACHINE_CURRENT_TRANSACTION_ID=
CHAOS_MACHINE_CURRENT_CORRELATION_ID=
CHAOS_MACHINE_ORGANIZATION_ID=d51f5776-c16f-45fb-9647-33647da3eca1
CHAOS_MACHINE_ORGANIZATION_NAME=Chaos Inc Virtual Account
CHAOS_MACHINE_CURRENT_DISBURSEMENT_BATCH_ITEM_AMOUNT=10000
CHAOS_MACHINE_CURRENT_DISBURSEMENT_BATCH_TOTAL_FEE_AMOUNT=null
CHAOS_MACHINE_FEE_REVENUE_ACCOUNT_ID=2819ab08-39bb-42df-bc96-43e13abafb1e
CHAOS_MACHINE_SCRIPT_BIN=/Users/smsefayeboah/Documents/CodeLand/java/ss-ledger-service-beta/bin
CHAOS_MACHINE_CURRENT_RESERVATION_ID=
CHAOS_MACHINE_CURRENT_DISBURSEMENT_BATCH_ID=0738d2f2-cbd3-4a5f-801c-c32745fe0d1e
CHAOS_MACHINE_CURRENT_DISBURSEMENT_BATCH_TOTAL_AMOUNT=50050

executing script...
CHAOS_MACHINE_CURRENT_DISBURSEMENT_BATCH_ITEM_COUNT=5
CHAOS_MACHINE_CURRENT_DISBURSEMENT_BATCH_ITEM_FEE_AMOUNT=10
CHAOS_MACHINE_CURRENT_DISBURSEMENT_BATCH_CORRELATION_ID=
CHAOS_MACHINE_ORGANIZATION_VIRTUAL_ACCOUNT_ID=c199954d-ed87-4531-9bad-dc4665b99e4f
CHAOS_MACHINE_SYSTEM_SETTLEMENT_ACCOUNT_ID=7e4abb1e-89b2-4613-af38-f7c4895ddfc7
CHAOS_MACHINE_CURRENT_DISBURSEMENT_BATCH_TOTAL_PRINCIPAL_AMOUNT=50000
CHAOS_MACHINE_CURRENT_TRANSACTION_ID=
CHAOS_MACHINE_CURRENT_CORRELATION_ID=
CHAOS_MACHINE_ORGANIZATION_ID=d51f5776-c16f-45fb-9647-33647da3eca1
CHAOS_MACHINE_ORGANIZATION_NAME=Chaos Inc Virtual Account
CHAOS_MACHINE_CURRENT_DISBURSEMENT_BATCH_ITEM_AMOUNT=10000
CHAOS_MACHINE_CURRENT_DISBURSEMENT_BATCH_TOTAL_FEE_AMOUNT=null
CHAOS_MACHINE_FEE_REVENUE_ACCOUNT_ID=2819ab08-39bb-42df-bc96-43e13abafb1e
CHAOS_MACHINE_SCRIPT_BIN=/Users/smsefayeboah/Documents/CodeLand/java/ss-ledger-service-beta/bin
CHAOS_MACHINE_CURRENT_RESERVATION_ID=
CHAOS_MACHINE_CURRENT_DISBURSEMENT_BATCH_ID=0738d2f2-cbd3-4a5f-801c-c32745fe0d1e
CHAOS_MACHINE_CURRENT_DISBURSEMENT_BATCH_TOTAL_AMOUNT=50050

executing script...
CHAOS_MACHINE_CURRENT_DISBURSEMENT_BATCH_ITEM_COUNT=5
CHAOS_MACHINE_CURRENT_DISBURSEMENT_BATCH_ITEM_FEE_AMOUNT=10
CHAOS_MACHINE_CURRENT_DISBURSEMENT_BATCH_CORRELATION_ID=
CHAOS_MACHINE_ORGANIZATION_VIRTUAL_ACCOUNT_ID=c199954d-ed87-4531-9bad-dc4665b99e4f
CHAOS_MACHINE_SYSTEM_SETTLEMENT_ACCOUNT_ID=7e4abb1e-89b2-4613-af38-f7c4895ddfc7
CHAOS_MACHINE_CURRENT_DISBURSEMENT_BATCH_TOTAL_PRINCIPAL_AMOUNT=50000
CHAOS_MACHINE_CURRENT_TRANSACTION_ID=
CHAOS_MACHINE_CURRENT_CORRELATION_ID=
CHAOS_MACHINE_ORGANIZATION_ID=d51f5776-c16f-45fb-9647-33647da3eca1
CHAOS_MACHINE_ORGANIZATION_NAME=Chaos Inc Virtual Account
CHAOS_MACHINE_CURRENT_DISBURSEMENT_BATCH_ITEM_AMOUNT=10000
CHAOS_MACHINE_CURRENT_DISBURSEMENT_BATCH_TOTAL_FEE_AMOUNT=null
CHAOS_MACHINE_FEE_REVENUE_ACCOUNT_ID=2819ab08-39bb-42df-bc96-43e13abafb1e
CHAOS_MACHINE_SCRIPT_BIN=/Users/smsefayeboah/Documents/CodeLand/java/ss-ledger-service-beta/bin
CHAOS_MACHINE_CURRENT_RESERVATION_ID=
CHAOS_MACHINE_CURRENT_DISBURSEMENT_BATCH_ID=0738d2f2-cbd3-4a5f-801c-c32745fe0d1e
CHAOS_MACHINE_CURRENT_DISBURSEMENT_BATCH_TOTAL_AMOUNT=50050

executing script...
CHAOS_MACHINE_CURRENT_DISBURSEMENT_BATCH_ITEM_COUNT=5
CHAOS_MACHINE_CURRENT_DISBURSEMENT_BATCH_ITEM_FEE_AMOUNT=10
CHAOS_MACHINE_CURRENT_DISBURSEMENT_BATCH_CORRELATION_ID=
CHAOS_MACHINE_ORGANIZATION_VIRTUAL_ACCOUNT_ID=c199954d-ed87-4531-9bad-dc4665b99e4f
CHAOS_MACHINE_SYSTEM_SETTLEMENT_ACCOUNT_ID=7e4abb1e-89b2-4613-af38-f7c4895ddfc7
CHAOS_MACHINE_CURRENT_DISBURSEMENT_BATCH_TOTAL_PRINCIPAL_AMOUNT=50000
CHAOS_MACHINE_CURRENT_TRANSACTION_ID=
CHAOS_MACHINE_CURRENT_CORRELATION_ID=
CHAOS_MACHINE_ORGANIZATION_ID=d51f5776-c16f-45fb-9647-33647da3eca1
CHAOS_MACHINE_ORGANIZATION_NAME=Chaos Inc Virtual Account
CHAOS_MACHINE_CURRENT_DISBURSEMENT_BATCH_ITEM_AMOUNT=10000
CHAOS_MACHINE_CURRENT_DISBURSEMENT_BATCH_TOTAL_FEE_AMOUNT=null
CHAOS_MACHINE_FEE_REVENUE_ACCOUNT_ID=2819ab08-39bb-42df-bc96-43e13abafb1e
CHAOS_MACHINE_SCRIPT_BIN=/Users/smsefayeboah/Documents/CodeLand/java/ss-ledger-service-beta/bin
CHAOS_MACHINE_CURRENT_RESERVATION_ID=
CHAOS_MACHINE_CURRENT_DISBURSEMENT_BATCH_ID=0738d2f2-cbd3-4a5f-801c-c32745fe0d1e
CHAOS_MACHINE_CURRENT_DISBURSEMENT_BATCH_TOTAL_AMOUNT=50050

executing script...
CHAOS_MACHINE_CURRENT_DISBURSEMENT_BATCH_ITEM_COUNT=5
CHAOS_MACHINE_CURRENT_DISBURSEMENT_BATCH_ITEM_FEE_AMOUNT=10
CHAOS_MACHINE_CURRENT_DISBURSEMENT_BATCH_CORRELATION_ID=
CHAOS_MACHINE_ORGANIZATION_VIRTUAL_ACCOUNT_ID=c199954d-ed87-4531-9bad-dc4665b99e4f
CHAOS_MACHINE_SYSTEM_SETTLEMENT_ACCOUNT_ID=7e4abb1e-89b2-4613-af38-f7c4895ddfc7
CHAOS_MACHINE_CURRENT_DISBURSEMENT_BATCH_TOTAL_PRINCIPAL_AMOUNT=50000
CHAOS_MACHINE_CURRENT_TRANSACTION_ID=
CHAOS_MACHINE_CURRENT_CORRELATION_ID=
CHAOS_MACHINE_ORGANIZATION_ID=d51f5776-c16f-45fb-9647-33647da3eca1
CHAOS_MACHINE_ORGANIZATION_NAME=Chaos Inc Virtual Account
CHAOS_MACHINE_CURRENT_DISBURSEMENT_BATCH_ITEM_AMOUNT=10000
CHAOS_MACHINE_CURRENT_DISBURSEMENT_BATCH_TOTAL_FEE_AMOUNT=null
CHAOS_MACHINE_FEE_REVENUE_ACCOUNT_ID=2819ab08-39bb-42df-bc96-43e13abafb1e
CHAOS_MACHINE_SCRIPT_BIN=/Users/smsefayeboah/Documents/CodeLand/java/ss-ledger-service-beta/bin
CHAOS_MACHINE_CURRENT_RESERVATION_ID=
CHAOS_MACHINE_CURRENT_DISBURSEMENT_BATCH_ID=0738d2f2-cbd3-4a5f-801c-c32745fe0d1e
CHAOS_MACHINE_CURRENT_DISBURSEMENT_BATCH_TOTAL_AMOUNT=50050

executing script...
CHAOS_MACHINE_CURRENT_DISBURSEMENT_BATCH_ITEM_COUNT=5
CHAOS_MACHINE_CURRENT_DISBURSEMENT_BATCH_ITEM_FEE_AMOUNT=10
CHAOS_MACHINE_CURRENT_DISBURSEMENT_BATCH_CORRELATION_ID=
CHAOS_MACHINE_ORGANIZATION_VIRTUAL_ACCOUNT_ID=c199954d-ed87-4531-9bad-dc4665b99e4f
CHAOS_MACHINE_SYSTEM_SETTLEMENT_ACCOUNT_ID=7e4abb1e-89b2-4613-af38-f7c4895ddfc7
CHAOS_MACHINE_CURRENT_DISBURSEMENT_BATCH_TOTAL_PRINCIPAL_AMOUNT=50000
CHAOS_MACHINE_CURRENT_TRANSACTION_ID=
CHAOS_MACHINE_CURRENT_CORRELATION_ID=
CHAOS_MACHINE_ORGANIZATION_ID=d51f5776-c16f-45fb-9647-33647da3eca1
CHAOS_MACHINE_ORGANIZATION_NAME=Chaos Inc Virtual Account
CHAOS_MACHINE_CURRENT_DISBURSEMENT_BATCH_ITEM_AMOUNT=10000
CHAOS_MACHINE_CURRENT_DISBURSEMENT_BATCH_TOTAL_FEE_AMOUNT=null
CHAOS_MACHINE_FEE_REVENUE_ACCOUNT_ID=2819ab08-39bb-42df-bc96-43e13abafb1e
CHAOS_MACHINE_SCRIPT_BIN=/Users/smsefayeboah/Documents/CodeLand/java/ss-ledger-service-beta/bin
CHAOS_MACHINE_CURRENT_RESERVATION_ID=
CHAOS_MACHINE_CURRENT_DISBURSEMENT_BATCH_ID=0738d2f2-cbd3-4a5f-801c-c32745fe0d1e
CHAOS_MACHINE_CURRENT_DISBURSEMENT_BATCH_TOTAL_AMOUNT=50050

executing script...
CHAOS_MACHINE_CURRENT_DISBURSEMENT_BATCH_ITEM_COUNT=5
CHAOS_MACHINE_CURRENT_DISBURSEMENT_BATCH_ITEM_FEE_AMOUNT=10
CHAOS_MACHINE_CURRENT_DISBURSEMENT_BATCH_CORRELATION_ID=
CHAOS_MACHINE_ORGANIZATION_VIRTUAL_ACCOUNT_ID=c199954d-ed87-4531-9bad-dc4665b99e4f
CHAOS_MACHINE_SYSTEM_SETTLEMENT_ACCOUNT_ID=7e4abb1e-89b2-4613-af38-f7c4895ddfc7
CHAOS_MACHINE_CURRENT_DISBURSEMENT_BATCH_TOTAL_PRINCIPAL_AMOUNT=50000
CHAOS_MACHINE_CURRENT_TRANSACTION_ID=
CHAOS_MACHINE_CURRENT_CORRELATION_ID=
CHAOS_MACHINE_ORGANIZATION_ID=d51f5776-c16f-45fb-9647-33647da3eca1
CHAOS_MACHINE_ORGANIZATION_NAME=Chaos Inc Virtual Account
CHAOS_MACHINE_CURRENT_DISBURSEMENT_BATCH_ITEM_AMOUNT=10000
CHAOS_MACHINE_CURRENT_DISBURSEMENT_BATCH_TOTAL_FEE_AMOUNT=null
CHAOS_MACHINE_FEE_REVENUE_ACCOUNT_ID=2819ab08-39bb-42df-bc96-43e13abafb1e
CHAOS_MACHINE_SCRIPT_BIN=/Users/smsefayeboah/Documents/CodeLand/java/ss-ledger-service-beta/bin
CHAOS_MACHINE_CURRENT_RESERVATION_ID=
CHAOS_MACHINE_CURRENT_DISBURSEMENT_BATCH_ID=0738d2f2-cbd3-4a5f-801c-c32745fe0d1e
CHAOS_MACHINE_CURRENT_DISBURSEMENT_BATCH_TOTAL_AMOUNT=50050

executing script...
Published collection.completed for txn txn-77CCA3C2-2DE9-4BC8-946A-61319CB1AB2F (src_va=7e4abb1e-89b2-4613-af38-f7c4895ddfc7 → dst_va=c199954d-ed87-4531-9bad-dc4665b99e4f, gross=1001 net=1000 GHS).
Event ID: FBE448E6-4617-423D-A27B-646C69BA3B8E
Published collection.completed for txn txn-D3AA7CD8-5125-455F-8E62-CA664A345047 (src_va=7e4abb1e-89b2-4613-af38-f7c4895ddfc7 → dst_va=c199954d-ed87-4531-9bad-dc4665b99e4f, gross=1001 net=1000 GHS).
Event ID: 9D9498BE-8E30-4EE7-B4E0-7AF2015BD95E
Published collection.completed for txn txn-EE851D7E-41D9-40DC-872E-6789060DF2ED (src_va=7e4abb1e-89b2-4613-af38-f7c4895ddfc7 → dst_va=c199954d-ed87-4531-9bad-dc4665b99e4f, gross=1001 net=1000 GHS).
Event ID: 4EDACACD-A352-4860-9E39-14B9CFBB8182
Published collection.completed for txn txn-8CB91D85-814A-4EC9-841D-45E824BFCDA6 (src_va=7e4abb1e-89b2-4613-af38-f7c4895ddfc7 → dst_va=c199954d-ed87-4531-9bad-dc4665b99e4f, gross=1001 net=1000 GHS).
Event ID: D0504A64-395C-4596-85D6-30FDD9FE4DB9
Published collection.completed for txn txn-2D453B77-5EDD-4CDE-8757-81F3013D2A4F (src_va=7e4abb1e-89b2-4613-af38-f7c4895ddfc7 → dst_va=c199954d-ed87-4531-9bad-dc4665b99e4f, gross=1001 net=1000 GHS).
Event ID: 9AC4A64D-59A5-407A-8366-4D82C2E98027
Published collection.completed for txn txn-FEA84211-73EF-4292-A3FE-0446549E66FD (src_va=7e4abb1e-89b2-4613-af38-f7c4895ddfc7 → dst_va=c199954d-ed87-4531-9bad-dc4665b99e4f, gross=1001 net=1000 GHS).
Event ID: 974D93A8-C01F-475B-99B1-3526881C36FE
Published collection.completed for txn txn-5A42AC5C-84FD-4976-9757-E7D5FCDDA349 (src_va=7e4abb1e-89b2-4613-af38-f7c4895ddfc7 → dst_va=c199954d-ed87-4531-9bad-dc4665b99e4f, gross=1001 net=1000 GHS).
Event ID: 12092B77-CFB8-4F02-9F1F-D1F8AF9245B4
Published collection.completed for txn txn-2AEB323A-87A0-49A0-8C09-D840710834FA (src_va=7e4abb1e-89b2-4613-af38-f7c4895ddfc7 → dst_va=c199954d-ed87-4531-9bad-dc4665b99e4f, gross=1001 net=1000 GHS).
Event ID: BE92EDD2-536A-4858-ADB1-B4BDFBE9F174
Published collection.completed for txn txn-CC6D66E2-DCBE-4F50-B0CC-69574A5B87D1 (src_va=7e4abb1e-89b2-4613-af38-f7c4895ddfc7 → dst_va=c199954d-ed87-4531-9bad-dc4665b99e4f, gross=1001 net=1000 GHS).
Event ID: D60DE742-5DD3-4703-AD9F-9159A5D2CFAD
Published collection.completed for txn txn-6D9F9A50-3FCE-49F2-8474-A6B93FD6AF64 (src_va=7e4abb1e-89b2-4613-af38-f7c4895ddfc7 → dst_va=c199954d-ed87-4531-9bad-dc4665b99e4f, gross=1001 net=1000 GHS).
Event ID: 2C150FB7-12E5-406F-A2D3-1BAC12E110FE
script execution completed
